Flow report for DE2_115_CAMERA
Thu Jul 20 15:59:57 2017
Quartus II 64-Bit Version 15.0.0 Build 145 04/22/2015 SJ Web Edition


---------------------
; Table of Contents ;
---------------------
  1. Legal Notice
  2. Flow Summary
  3. Flow Settings
  4. Flow Non-Default Global Settings
  5. Flow Elapsed Time
  6. Flow OS Summary
  7. Flow Log
  8. Flow Messages
  9. Flow Suppressed Messages



----------------
; Legal Notice ;
----------------
Copyright (C) 1991-2015 Altera Corporation. All rights reserved.
Your use of Altera Corporation's design tools, logic functions 
and other software and tools, and its AMPP partner logic 
functions, and any output files from any of the foregoing 
(including device programming or simulation files), and any 
associated documentation or information are expressly subject 
to the terms and conditions of the Altera Program License 
Subscription Agreement, the Altera Quartus II License Agreement,
the Altera MegaCore Function License Agreement, or other 
applicable license agreement, including, without limitation, 
that your use is for the sole purpose of programming logic 
devices manufactured by Altera and sold by Altera or its 
authorized distributors.  Please refer to the applicable 
agreement for further details.



+---------------------------------------------------------------------------------+
; Flow Summary                                                                    ;
+------------------------------------+--------------------------------------------+
; Flow Status                        ; Successful - Thu Jul 20 15:58:44 2017      ;
; Quartus II 64-Bit Version          ; 15.0.0 Build 145 04/22/2015 SJ Web Edition ;
; Revision Name                      ; DE2_115_CAMERA                             ;
; Top-level Entity Name              ; DE2_115_ANN_D5M                            ;
; Family                             ; Cyclone IV E                               ;
; Device                             ; EP4CE115F29C7                              ;
; Timing Models                      ; Final                                      ;
; Total logic elements               ; 73,990 / 114,480 ( 65 % )                  ;
;     Total combinational functions  ; 73,715 / 114,480 ( 64 % )                  ;
;     Dedicated logic registers      ; 73,157 / 114,480 ( 64 % )                  ;
; Total registers                    ; 73157                                      ;
; Total pins                         ; 428 / 529 ( 81 % )                         ;
; Total virtual pins                 ; 0                                          ;
; Total memory bits                  ; 62,416 / 3,981,312 ( 2 % )                 ;
; Embedded Multiplier 9-bit elements ; 0 / 532 ( 0 % )                            ;
; Total PLLs                         ; 1 / 4 ( 25 % )                             ;
+------------------------------------+--------------------------------------------+


+-----------------------------------------+
; Flow Settings                           ;
+-------------------+---------------------+
; Option            ; Setting             ;
+-------------------+---------------------+
; Start date & time ; 07/20/2017 15:32:10 ;
; Main task         ; Compilation         ;
; Revision Name     ; DE2_115_CAMERA      ;
+-------------------+---------------------+


+-----------------------------------------------------------------------------------------------------------------------------+
; Flow Non-Default Global Settings                                                                                            ;
+-------------------------------------+---------------------------------------+----------------+-----------------+------------+
; Assignment Name                     ; Value                                 ; Default Value  ; Entity Name     ; Section Id ;
+-------------------------------------+---------------------------------------+----------------+-----------------+------------+
; COMPILER_SIGNATURE_ID               ; 57185447626547.150058273008596        ; --             ; --              ; --         ;
; ENABLE_SIGNALTAP                    ; Off                                   ; --             ; --              ; --         ;
; MAX_CORE_JUNCTION_TEMP              ; 85                                    ; --             ; --              ; --         ;
; MIN_CORE_JUNCTION_TEMP              ; 0                                     ; --             ; --              ; --         ;
; MISC_FILE                           ; v/sdram_pll.bsf                       ; --             ; --              ; --         ;
; MISC_FILE                           ; v/sdram_pll.ppf                       ; --             ; --              ; --         ;
; MISC_FILE                           ; v/Line_Buffer1.bsf                    ; --             ; --              ; --         ;
; PARTITION_COLOR                     ; 16764057                              ; --             ; DE2_115_ANN_D5M ; Top        ;
; PARTITION_FITTER_PRESERVATION_LEVEL ; PLACEMENT_AND_ROUTING                 ; --             ; DE2_115_ANN_D5M ; Top        ;
; PARTITION_NETLIST_TYPE              ; SOURCE                                ; --             ; DE2_115_ANN_D5M ; Top        ;
; POWER_BOARD_THERMAL_MODEL           ; None (CONSERVATIVE)                   ; --             ; --              ; --         ;
; POWER_PRESET_COOLING_SOLUTION       ; 23 MM HEAT SINK WITH 200 LFPM AIRFLOW ; --             ; --              ; --         ;
; TOP_LEVEL_ENTITY                    ; DE2_115_ANN_D5M                       ; DE2_115_CAMERA ; --              ; --         ;
; USE_SIGNALTAP_FILE                  ; stp1.stp                              ; --             ; --              ; --         ;
+-------------------------------------+---------------------------------------+----------------+-----------------+------------+


+-------------------------------------------------------------------------------------------------------------------------------+
; Flow Elapsed Time                                                                                                             ;
+---------------------------+--------------+-------------------------+---------------------+------------------------------------+
; Module Name               ; Elapsed Time ; Average Processors Used ; Peak Virtual Memory ; Total CPU Time (on all processors) ;
+---------------------------+--------------+-------------------------+---------------------+------------------------------------+
; Analysis & Synthesis      ; 00:03:58     ; 1.0                     ; 1413 MB             ; 00:04:02                           ;
; Fitter                    ; 00:21:42     ; 1.0                     ; 2565 MB             ; 00:19:31                           ;
; Assembler                 ; 00:00:15     ; 1.0                     ; 859 MB              ; 00:00:12                           ;
; TimeQuest Timing Analyzer ; 00:01:09     ; 1.0                     ; 1465 MB             ; 00:00:58                           ;
; Total                     ; 00:27:04     ; --                      ; --                  ; 00:24:43                           ;
+---------------------------+--------------+-------------------------+---------------------+------------------------------------+


+----------------------------------------------------------------------------------------+
; Flow OS Summary                                                                        ;
+---------------------------+------------------+-----------+------------+----------------+
; Module Name               ; Machine Hostname ; OS Name   ; OS Version ; Processor type ;
+---------------------------+------------------+-----------+------------+----------------+
; Analysis & Synthesis      ; QPham            ; Windows 7 ; 6.2        ; x86_64         ;
; Fitter                    ; QPham            ; Windows 7 ; 6.2        ; x86_64         ;
; Assembler                 ; QPham            ; Windows 7 ; 6.2        ; x86_64         ;
; TimeQuest Timing Analyzer ; QPham            ; Windows 7 ; 6.2        ; x86_64         ;
+---------------------------+------------------+-----------+------------+----------------+


------------
; Flow Log ;
------------
quartus_map --read_settings_files=on --write_settings_files=off DE2_115_ANN_D5M -c DE2_115_CAMERA
quartus_fit --read_settings_files=off --write_settings_files=off DE2_115_ANN_D5M -c DE2_115_CAMERA
quartus_asm --read_settings_files=off --write_settings_files=off DE2_115_ANN_D5M -c DE2_115_CAMERA
quartus_sta DE2_115_ANN_D5M -c DE2_115_CAMERA



